2022-04-30 12:41:13,252 [Worker-3: Loading available Gradle versions] INFO  o.e.b.c.i.u.g.PublishedGradleVersions - Gradle version information cache is up-to-date. Trying to read.
2022-04-30 12:41:47,311 [Worker-31: Creating project "com.prueba"] INFO  o.e.m.c.i.l.LifecycleMappingFactory - Using org.eclipse.m2e.jdt.JarLifecycleMapping lifecycle mapping for MavenProject: prueba:com.prueba:0.0.1-SNAPSHOT @ /home/lucianonew/desarrollo/prueba/com.prueba/pom.xml.
2022-04-30 12:41:47,461 [Worker-31: Creating project "com.prueba"] INFO  o.e.m.j.i.AbstractJavaProjectConfigurator - Adding source folder /com.prueba/src/main/java
2022-04-30 12:41:47,462 [Worker-31: Creating project "com.prueba"] INFO  o.e.m.j.i.AbstractJavaProjectConfigurator - Adding resource folder /com.prueba/src/main/resources
2022-04-30 12:41:47,462 [Worker-31: Creating project "com.prueba"] INFO  o.e.m.j.i.AbstractJavaProjectConfigurator - Adding source folder /com.prueba/src/test/java
2022-04-30 12:41:47,462 [Worker-31: Creating project "com.prueba"] INFO  o.e.m.j.i.AbstractJavaProjectConfigurator - Adding resource folder /com.prueba/src/test/resources
2022-04-30 12:41:48,212 [Worker-31: Creating project "com.prueba"] WARN  o.e.m.c.i.embedder.EclipseLogger - Using platform encoding (UTF-8 actually) to copy filtered resources, i.e. build is platform dependent!
2022-04-30 12:41:48,217 [Worker-31: Creating project "com.prueba"] INFO  o.e.m.c.i.embedder.EclipseLogger - Copying 0 resource
2022-04-30 12:41:48,218 [Worker-31: Creating project "com.prueba"] WARN  o.e.m.c.i.embedder.EclipseLogger - Using platform encoding (UTF-8 actually) to copy filtered resources, i.e. build is platform dependent!
2022-04-30 12:41:48,219 [Worker-31: Creating project "com.prueba"] INFO  o.e.m.c.i.embedder.EclipseLogger - Copying 0 resource
2022-04-30 12:42:05,911 [Worker-14: Building] WARN  o.e.m.c.i.embedder.EclipseLogger - Using platform encoding (UTF-8 actually) to copy filtered resources, i.e. build is platform dependent!
2022-04-30 12:42:05,914 [Worker-14: Building] INFO  o.e.m.c.i.embedder.EclipseLogger - Copying 0 resource
2022-04-30 12:42:05,915 [Worker-14: Building] WARN  o.e.m.c.i.embedder.EclipseLogger - Using platform encoding (UTF-8 actually) to copy filtered resources, i.e. build is platform dependent!
2022-04-30 12:42:05,915 [Worker-14: Building] INFO  o.e.m.c.i.embedder.EclipseLogger - Copying 0 resource
2022-04-30 12:42:19,278 [Worker-19: Building] WARN  o.e.m.c.i.embedder.EclipseLogger - Using platform encoding (UTF-8 actually) to copy filtered resources, i.e. build is platform dependent!
2022-04-30 12:42:19,279 [Worker-19: Building] INFO  o.e.m.c.i.embedder.EclipseLogger - Copying 0 resource
2022-04-30 12:42:19,280 [Worker-19: Building] WARN  o.e.m.c.i.embedder.EclipseLogger - Using platform encoding (UTF-8 actually) to copy filtered resources, i.e. build is platform dependent!
2022-04-30 12:42:19,280 [Worker-19: Building] INFO  o.e.m.c.i.embedder.EclipseLogger - Copying 0 resource
2022-04-30 12:42:20,296 [Worker-2: Building] WARN  o.e.m.c.i.embedder.EclipseLogger - Using platform encoding (UTF-8 actually) to copy filtered resources, i.e. build is platform dependent!
2022-04-30 12:42:20,297 [Worker-2: Building] INFO  o.e.m.c.i.embedder.EclipseLogger - Copying 0 resource
2022-04-30 12:42:20,299 [Worker-2: Building] WARN  o.e.m.c.i.embedder.EclipseLogger - Using platform encoding (UTF-8 actually) to copy filtered resources, i.e. build is platform dependent!
2022-04-30 12:42:20,300 [Worker-2: Building] INFO  o.e.m.c.i.embedder.EclipseLogger - Copying 0 resource
